Wed Apr 23 19:28:52 UTC 2025
Thu Apr 24 13:36:47 UTC 2025
Fri Apr 25 13:33:39 UTC 2025
Sat Apr 26 13:04:12 UTC 2025
Sun Apr 27 13:04:47 UTC 2025
Mon Apr 28 13:50:24 UTC 2025
Tue Apr 29 13:44:28 UTC 2025
Wed Apr 30 13:35:15 UTC 2025
Thu May  1 13:17:59 UTC 2025
Fri May  2 13:34:11 UTC 2025
Sat May  3 13:13:13 UTC 2025
Sun May  4 13:14:18 UTC 2025
Mon May  5 13:36:18 UTC 2025
Tue May  6 13:41:07 UTC 2025
Wed May  7 13:43:15 UTC 2025
Thu May  8 13:35:35 UTC 2025
Fri May  9 13:35:32 UTC 2025
Sat May 10 13:13:31 UTC 2025
Sun May 11 13:13:49 UTC 2025
Mon May 12 13:42:31 UTC 2025
